2023-04-19 20:27:15,095 [main] INFO io.github.bonigarcia.wdm.WebDriverManager - Using chromedriver 112.0.5615.49 (resolved driver for Chrome 112)
2023-04-19 20:27:15,104 [main] INFO io.github.bonigarcia.wdm.WebDriverManager - Exporting webdriver.chrome.driver as /Users/tahidulhaque/.cache/selenium/chromedriver/mac-arm64/112.0.5615.49/chromedriver
2023-04-19 20:27:16,677 [main] INFO QA Lead:: - >>>>> Automation Start with Chrome Browser <<<<< 
2023-04-19 20:27:19,901 [main] INFO QA Lead:: - >>>>>User able to select men module<<<<<
2023-04-19 20:27:20,066 [main] INFO QA Lead:: - >>>>>User able to select tops from men module<<<<<
2023-04-19 20:27:20,202 [main] INFO QA Lead:: - >>>>>User able to select jackets from the tops module<<<<<
2023-04-19 20:27:20,938 [main] INFO QA Lead:: - >>>>>User able to select any jacket<<<<<
2023-04-19 20:27:21,764 [main] INFO QA Lead:: - >>>>>User able to select a size<<<<<
2023-04-19 20:27:21,960 [main] INFO QA Lead:: - >>>>>User able to select a color<<<<<
2023-04-19 20:27:22,110 [main] INFO QA Lead:: - >>>>>User able to select quantity<<<<<
2023-04-19 20:27:22,161 [main] INFO QA Lead:: - >>>>>User able to click on to cart button<<<<<
2023-04-19 20:27:22,309 [main] INFO QA Lead:: - >>>>>User able to click on to the shopping cart pop-up<<<<<
2023-04-19 20:27:42,667 [main] INFO io.github.bonigarcia.wdm.WebDriverManager - Using chromedriver 112.0.5615.49 (resolved driver for Chrome 112)
2023-04-19 20:27:42,674 [main] INFO io.github.bonigarcia.wdm.WebDriverManager - Exporting webdriver.chrome.driver as /Users/tahidulhaque/.cache/selenium/chromedriver/mac-arm64/112.0.5615.49/chromedriver
2023-04-19 20:27:43,968 [main] INFO QA Lead:: - >>>>> Automation Start with Chrome Browser <<<<< 
2023-04-19 20:27:47,019 [main] INFO QA Lead:: - >>>>>User able to select men module<<<<<
2023-04-19 20:27:47,188 [main] INFO QA Lead:: - >>>>>User able to select tops from men module<<<<<
2023-04-19 20:27:47,323 [main] INFO QA Lead:: - >>>>>User able to select jackets from the tops module<<<<<
2023-04-19 20:27:47,978 [main] INFO QA Lead:: - >>>>>User able to select any jacket<<<<<
2023-04-19 20:27:48,858 [main] INFO QA Lead:: - >>>>>User able to select a size<<<<<
2023-04-19 20:27:49,008 [main] INFO QA Lead:: - >>>>>User able to select a color<<<<<
2023-04-19 20:27:49,158 [main] INFO QA Lead:: - >>>>>User able to select quantity<<<<<
2023-04-19 20:27:49,213 [main] INFO QA Lead:: - >>>>>User able to click on to cart button<<<<<
2023-04-19 20:27:49,355 [main] INFO QA Lead:: - >>>>>User able to click on to the shopping cart pop-up<<<<<
2023-04-19 20:27:52,171 [main] INFO QA Lead:: - >>>>>User able to click on proceed to checkout<<<<<
2023-04-19 20:27:56,181 [main] INFO QA Lead:: - >>>>>User able to select a shipping method<<<<<
2023-04-19 20:27:57,253 [main] INFO QA Lead:: - >>>>>User able to click on next button<<<<<
2023-04-19 20:27:57,395 [main] INFO QA Lead:: - >>>>>User able to click on same as shipping address<<<<<
2023-04-19 20:27:58,685 [main] INFO QA Lead:: - >>>>>User able to click on place order button<<<<<
2023-04-19 20:27:58,709 [main] INFO QA Lead:: - >>>>>User able to verify the confirmation message<<<<<
2023-04-19 20:31:43,337 [main] INFO io.github.bonigarcia.wdm.WebDriverManager - Using chromedriver 112.0.5615.49 (resolved driver for Chrome 112)
2023-04-19 20:31:43,346 [main] INFO io.github.bonigarcia.wdm.WebDriverManager - Exporting webdriver.chrome.driver as /Users/tahidulhaque/.cache/selenium/chromedriver/mac-arm64/112.0.5615.49/chromedriver
2023-04-19 20:31:44,696 [main] INFO QA Lead:: - >>>>> Automation Start with Chrome Browser <<<<< 
2023-04-19 20:31:47,880 [main] INFO QA Lead:: - >>>>>User able to select men module<<<<<
2023-04-19 20:31:48,060 [main] INFO QA Lead:: - >>>>>User able to select tops from men module<<<<<
2023-04-19 20:31:48,196 [main] INFO QA Lead:: - >>>>>User able to select jackets from the tops module<<<<<
2023-04-19 20:31:48,924 [main] INFO QA Lead:: - >>>>>User able to select any jacket<<<<<
2023-04-19 20:31:49,742 [main] INFO QA Lead:: - >>>>>User able to select a size<<<<<
2023-04-19 20:31:49,952 [main] INFO QA Lead:: - >>>>>User able to select a color<<<<<
2023-04-19 20:31:50,114 [main] INFO QA Lead:: - >>>>>User able to select quantity<<<<<
2023-04-19 20:31:50,167 [main] INFO QA Lead:: - >>>>>User able to click on to cart button<<<<<
2023-04-19 20:31:50,311 [main] INFO QA Lead:: - >>>>>User able to click on to the shopping cart pop-up<<<<<
2023-04-19 20:32:05,692 [main] INFO io.github.bonigarcia.wdm.WebDriverManager - Using chromedriver 112.0.5615.49 (resolved driver for Chrome 112)
2023-04-19 20:32:05,699 [main] INFO io.github.bonigarcia.wdm.WebDriverManager - Exporting webdriver.chrome.driver as /Users/tahidulhaque/.cache/selenium/chromedriver/mac-arm64/112.0.5615.49/chromedriver
2023-04-19 20:32:06,995 [main] INFO QA Lead:: - >>>>> Automation Start with Chrome Browser <<<<< 
2023-04-19 20:32:10,074 [main] INFO QA Lead:: - >>>>>User able to select men module<<<<<
2023-04-19 20:32:10,249 [main] INFO QA Lead:: - >>>>>User able to select tops from men module<<<<<
2023-04-19 20:32:10,382 [main] INFO QA Lead:: - >>>>>User able to select jackets from the tops module<<<<<
2023-04-19 20:32:10,968 [main] INFO QA Lead:: - >>>>>User able to select any jacket<<<<<
2023-04-19 20:32:11,651 [main] INFO QA Lead:: - >>>>>User able to select a size<<<<<
2023-04-19 20:32:11,851 [main] INFO QA Lead:: - >>>>>User able to select a color<<<<<
2023-04-19 20:32:12,018 [main] INFO QA Lead:: - >>>>>User able to select quantity<<<<<
2023-04-19 20:32:12,071 [main] INFO QA Lead:: - >>>>>User able to click on to cart button<<<<<
2023-04-19 20:32:12,225 [main] INFO QA Lead:: - >>>>>User able to click on to the shopping cart pop-up<<<<<
2023-04-19 20:32:24,648 [main] INFO io.github.bonigarcia.wdm.WebDriverManager - Using chromedriver 112.0.5615.49 (resolved driver for Chrome 112)
2023-04-19 20:32:24,657 [main] INFO io.github.bonigarcia.wdm.WebDriverManager - Exporting webdriver.chrome.driver as /Users/tahidulhaque/.cache/selenium/chromedriver/mac-arm64/112.0.5615.49/chromedriver
2023-04-19 20:32:25,887 [main] INFO QA Lead:: - >>>>> Automation Start with Chrome Browser <<<<< 
2023-04-19 20:32:28,921 [main] INFO QA Lead:: - >>>>>User able to select men module<<<<<
2023-04-19 20:32:29,090 [main] INFO QA Lead:: - >>>>>User able to select tops from men module<<<<<
2023-04-19 20:32:29,225 [main] INFO QA Lead:: - >>>>>User able to select jackets from the tops module<<<<<
2023-04-19 20:32:29,980 [main] INFO QA Lead:: - >>>>>User able to select any jacket<<<<<
2023-04-19 20:32:30,603 [main] INFO QA Lead:: - >>>>>User able to select a size<<<<<
2023-04-19 20:32:30,813 [main] INFO QA Lead:: - >>>>>User able to select a color<<<<<
2023-04-19 20:32:30,983 [main] INFO QA Lead:: - >>>>>User able to select quantity<<<<<
2023-04-19 20:32:31,037 [main] INFO QA Lead:: - >>>>>User able to click on to cart button<<<<<
2023-04-19 20:32:31,179 [main] INFO QA Lead:: - >>>>>User able to click on to the shopping cart pop-up<<<<<
2023-04-19 20:32:59,984 [main] INFO io.github.bonigarcia.wdm.WebDriverManager - Using chromedriver 112.0.5615.49 (resolved driver for Chrome 112)
2023-04-19 20:32:59,992 [main] INFO io.github.bonigarcia.wdm.WebDriverManager - Exporting webdriver.chrome.driver as /Users/tahidulhaque/.cache/selenium/chromedriver/mac-arm64/112.0.5615.49/chromedriver
2023-04-19 20:33:01,309 [main] INFO QA Lead:: - >>>>> Automation Start with Chrome Browser <<<<< 
2023-04-19 20:33:04,794 [main] INFO QA Lead:: - >>>>>User able to select men module<<<<<
2023-04-19 20:33:04,963 [main] INFO QA Lead:: - >>>>>User able to select tops from men module<<<<<
2023-04-19 20:33:05,096 [main] INFO QA Lead:: - >>>>>User able to select jackets from the tops module<<<<<
2023-04-19 20:33:05,827 [main] INFO QA Lead:: - >>>>>User able to select any jacket<<<<<
2023-04-19 20:33:06,721 [main] INFO QA Lead:: - >>>>>User able to select a size<<<<<
2023-04-19 20:33:06,923 [main] INFO QA Lead:: - >>>>>User able to select a color<<<<<
2023-04-19 20:33:07,092 [main] INFO QA Lead:: - >>>>>User able to select quantity<<<<<
2023-04-19 20:33:07,146 [main] INFO QA Lead:: - >>>>>User able to click on to cart button<<<<<
2023-04-19 20:33:07,292 [main] INFO QA Lead:: - >>>>>User able to click on to the shopping cart pop-up<<<<<
2023-04-19 20:34:18,844 [main] INFO io.github.bonigarcia.wdm.WebDriverManager - Using chromedriver 112.0.5615.49 (resolved driver for Chrome 112)
2023-04-19 20:34:18,851 [main] INFO io.github.bonigarcia.wdm.WebDriverManager - Exporting webdriver.chrome.driver as /Users/tahidulhaque/.cache/selenium/chromedriver/mac-arm64/112.0.5615.49/chromedriver
2023-04-19 20:34:20,150 [main] INFO QA Lead:: - >>>>> Automation Start with Chrome Browser <<<<< 
2023-04-19 20:34:23,463 [main] INFO QA Lead:: - >>>>>User able to select men module<<<<<
2023-04-19 20:34:23,638 [main] INFO QA Lead:: - >>>>>User able to select tops from men module<<<<<
2023-04-19 20:34:23,775 [main] INFO QA Lead:: - >>>>>User able to select jackets from the tops module<<<<<
2023-04-19 20:34:24,481 [main] INFO QA Lead:: - >>>>>User able to select any jacket<<<<<
2023-04-19 20:34:26,185 [main] INFO QA Lead:: - >>>>>User able to select a size<<<<<
2023-04-19 20:34:26,335 [main] INFO QA Lead:: - >>>>>User able to select a color<<<<<
2023-04-19 20:34:26,486 [main] INFO QA Lead:: - >>>>>User able to select quantity<<<<<
2023-04-19 20:34:26,546 [main] INFO QA Lead:: - >>>>>User able to click on to cart button<<<<<
2023-04-19 20:34:26,687 [main] INFO QA Lead:: - >>>>>User able to click on to the shopping cart pop-up<<<<<
2023-04-19 20:34:30,214 [main] INFO QA Lead:: - >>>>>User able to click on proceed to checkout<<<<<
2023-04-19 20:34:34,535 [main] INFO QA Lead:: - >>>>>User able to select a shipping method<<<<<
2023-04-19 20:34:35,648 [main] INFO QA Lead:: - >>>>>User able to click on next button<<<<<
2023-04-19 20:34:35,797 [main] INFO QA Lead:: - >>>>>User able to click on same as shipping address<<<<<
2023-04-19 20:34:37,157 [main] INFO QA Lead:: - >>>>>User able to click on place order button<<<<<
2023-04-19 20:34:37,185 [main] INFO QA Lead:: - >>>>>User able to verify the confirmation message<<<<<
2023-04-30 13:15:00,858 [main] INFO QA Lead:: - >>>>>Automation started with Chrome<<<<<
2023-04-30 13:15:00,932 [main] INFO io.github.bonigarcia.wdm.WebDriverManager - Using chromedriver 112.0.5615.49 (resolved driver for Chrome 112)
2023-04-30 13:15:00,939 [main] INFO io.github.bonigarcia.wdm.WebDriverManager - Exporting webdriver.chrome.driver as /Users/tahidulhaque/.cache/selenium/chromedriver/mac-arm64/112.0.5615.49/chromedriver
2023-04-30 13:19:52,628 [main] INFO QA Lead:: - >>>>>Automation started with Chrome<<<<<
2023-04-30 13:19:52,696 [main] INFO io.github.bonigarcia.wdm.WebDriverManager - Using chromedriver 112.0.5615.49 (resolved driver for Chrome 112)
2023-04-30 13:19:52,703 [main] INFO io.github.bonigarcia.wdm.WebDriverManager - Exporting webdriver.chrome.driver as /Users/tahidulhaque/.cache/selenium/chromedriver/mac-arm64/112.0.5615.49/chromedriver
2023-04-30 13:21:12,390 [main] INFO QA Lead:: - >>>>>Automation started with Chrome<<<<<
2023-04-30 13:21:12,460 [main] INFO io.github.bonigarcia.wdm.WebDriverManager - Using chromedriver 112.0.5615.49 (resolved driver for Chrome 112)
2023-04-30 13:21:12,467 [main] INFO io.github.bonigarcia.wdm.WebDriverManager - Exporting webdriver.chrome.driver as /Users/tahidulhaque/.cache/selenium/chromedriver/mac-arm64/112.0.5615.49/chromedriver
2023-04-30 13:23:11,926 [main] INFO QA Lead:: - >>>>>Automation started with Chrome<<<<<
2023-04-30 13:23:11,997 [main] INFO io.github.bonigarcia.wdm.WebDriverManager - Using chromedriver 112.0.5615.49 (resolved driver for Chrome 112)
2023-04-30 13:23:12,002 [main] INFO io.github.bonigarcia.wdm.WebDriverManager - Exporting webdriver.chrome.driver as /Users/tahidulhaque/.cache/selenium/chromedriver/mac-arm64/112.0.5615.49/chromedriver
2023-04-30 13:25:24,807 [main] INFO QA Lead:: - >>>>>Automation started with Chrome<<<<<
2023-04-30 13:25:24,878 [main] INFO io.github.bonigarcia.wdm.WebDriverManager - Using chromedriver 112.0.5615.49 (resolved driver for Chrome 112)
2023-04-30 13:25:24,885 [main] INFO io.github.bonigarcia.wdm.WebDriverManager - Exporting webdriver.chrome.driver as /Users/tahidulhaque/.cache/selenium/chromedriver/mac-arm64/112.0.5615.49/chromedriver
2023-05-02 15:40:20,073 [main] INFO QA Lead:: - >>>>>Automation started with Chrome<<<<<
2023-05-02 15:40:20,467 [main] INFO io.github.bonigarcia.wdm.WebDriverManager - Using chromedriver 112.0.5615.49 (resolved driver for Chrome 112)
2023-05-02 15:40:20,475 [main] INFO io.github.bonigarcia.wdm.WebDriverManager - Exporting webdriver.chrome.driver as /Users/tahidulhaque/.cache/selenium/chromedriver/mac-arm64/112.0.5615.49/chromedriver
2023-05-02 15:42:02,351 [main] INFO QA Lead:: - >>>>>Automation started with Chrome<<<<<
2023-05-02 15:42:02,420 [main] INFO io.github.bonigarcia.wdm.WebDriverManager - Using chromedriver 112.0.5615.49 (resolved driver for Chrome 112)
2023-05-02 15:42:02,428 [main] INFO io.github.bonigarcia.wdm.WebDriverManager - Exporting webdriver.chrome.driver as /Users/tahidulhaque/.cache/selenium/chromedriver/mac-arm64/112.0.5615.49/chromedriver
2023-05-02 15:43:41,369 [main] INFO QA Lead:: - >>>>>Automation started with Chrome<<<<<
2023-05-02 15:43:41,438 [main] INFO io.github.bonigarcia.wdm.WebDriverManager - Using chromedriver 112.0.5615.49 (resolved driver for Chrome 112)
2023-05-02 15:43:41,445 [main] INFO io.github.bonigarcia.wdm.WebDriverManager - Exporting webdriver.chrome.driver as /Users/tahidulhaque/.cache/selenium/chromedriver/mac-arm64/112.0.5615.49/chromedriver
2023-05-02 15:45:07,515 [main] INFO QA Lead:: - >>>>>Automation started with Chrome<<<<<
2023-05-02 15:45:07,583 [main] INFO io.github.bonigarcia.wdm.WebDriverManager - Using chromedriver 112.0.5615.49 (resolved driver for Chrome 112)
2023-05-02 15:45:07,589 [main] INFO io.github.bonigarcia.wdm.WebDriverManager - Exporting webdriver.chrome.driver as /Users/tahidulhaque/.cache/selenium/chromedriver/mac-arm64/112.0.5615.49/chromedriver
2023-05-02 15:45:12,037 [main] INFO QA Lead:: - >>>>>User able to select men module<<<<<
2023-05-02 15:45:12,192 [main] INFO QA Lead:: - >>>>>User able to select tops from men module<<<<<
2023-05-02 15:46:22,376 [main] INFO QA Lead:: - >>>>>Automation started with Chrome<<<<<
2023-05-02 15:46:22,449 [main] INFO io.github.bonigarcia.wdm.WebDriverManager - Using chromedriver 112.0.5615.49 (resolved driver for Chrome 112)
2023-05-02 15:46:22,456 [main] INFO io.github.bonigarcia.wdm.WebDriverManager - Exporting webdriver.chrome.driver as /Users/tahidulhaque/.cache/selenium/chromedriver/mac-arm64/112.0.5615.49/chromedriver
2023-05-02 15:46:26,894 [main] INFO QA Lead:: - >>>>>User able to select men module<<<<<
2023-05-02 15:46:27,052 [main] INFO QA Lead:: - >>>>>User able to select tops from men module<<<<<
2023-05-02 15:48:02,823 [main] INFO QA Lead:: - >>>>>Automation started with Chrome<<<<<
2023-05-02 15:48:02,893 [main] INFO io.github.bonigarcia.wdm.WebDriverManager - Using chromedriver 112.0.5615.49 (resolved driver for Chrome 112)
2023-05-02 15:48:02,901 [main] INFO io.github.bonigarcia.wdm.WebDriverManager - Exporting webdriver.chrome.driver as /Users/tahidulhaque/.cache/selenium/chromedriver/mac-arm64/112.0.5615.49/chromedriver
2023-05-02 15:48:07,681 [main] INFO QA Lead:: - >>>>>User able to select men module<<<<<
2023-05-02 15:48:07,824 [main] INFO QA Lead:: - >>>>>User able to select tops from men module<<<<<
2023-05-02 15:48:07,968 [main] INFO QA Lead:: - >>>>>User able to select jackets from the tops module<<<<<
2023-05-02 15:48:08,650 [main] INFO QA Lead:: - >>>>>User able to select any jacket<<<<<
2023-05-02 15:48:10,282 [main] INFO QA Lead:: - >>>>>User able to select a size<<<<<
2023-05-02 15:48:10,437 [main] INFO QA Lead:: - >>>>>User able to select a color<<<<<
2023-05-02 15:48:10,585 [main] INFO QA Lead:: - >>>>>User able to select quantity<<<<<
2023-05-02 15:48:10,640 [main] INFO QA Lead:: - >>>>>User able to click on to cart button<<<<<
2023-05-02 15:48:10,783 [main] INFO QA Lead:: - >>>>>User able to click on to the shopping cart pop-up<<<<<
2023-05-02 15:48:14,073 [main] INFO QA Lead:: - >>>>>User able to click on proceed to checkout<<<<<
2023-05-02 15:48:31,206 [main] INFO QA Lead:: - >>>>>Automation started with Chrome<<<<<
2023-05-02 15:48:31,277 [main] INFO io.github.bonigarcia.wdm.WebDriverManager - Using chromedriver 112.0.5615.49 (resolved driver for Chrome 112)
2023-05-02 15:48:31,283 [main] INFO io.github.bonigarcia.wdm.WebDriverManager - Exporting webdriver.chrome.driver as /Users/tahidulhaque/.cache/selenium/chromedriver/mac-arm64/112.0.5615.49/chromedriver
2023-05-02 15:48:36,115 [main] INFO QA Lead:: - >>>>>User able to select men module<<<<<
2023-05-02 15:48:36,258 [main] INFO QA Lead:: - >>>>>User able to select tops from men module<<<<<
2023-05-02 15:48:36,400 [main] INFO QA Lead:: - >>>>>User able to select jackets from the tops module<<<<<
2023-05-02 15:48:37,831 [main] INFO QA Lead:: - >>>>>User able to select any jacket<<<<<
2023-05-02 15:48:41,310 [main] INFO QA Lead:: - >>>>>User able to select a size<<<<<
2023-05-02 15:48:41,464 [main] INFO QA Lead:: - >>>>>User able to select a color<<<<<
2023-05-02 15:48:41,609 [main] INFO QA Lead:: - >>>>>User able to select quantity<<<<<
2023-05-02 15:48:41,665 [main] INFO QA Lead:: - >>>>>User able to click on to cart button<<<<<
2023-05-02 15:48:41,805 [main] INFO QA Lead:: - >>>>>User able to click on to the shopping cart pop-up<<<<<
2023-05-02 15:48:47,368 [main] INFO QA Lead:: - >>>>>User able to click on proceed to checkout<<<<<
2023-05-02 15:50:26,068 [main] INFO QA Lead:: - >>>>>Automation started with Chrome<<<<<
2023-05-02 15:50:26,136 [main] INFO io.github.bonigarcia.wdm.WebDriverManager - Using chromedriver 112.0.5615.49 (resolved driver for Chrome 112)
2023-05-02 15:50:26,142 [main] INFO io.github.bonigarcia.wdm.WebDriverManager - Exporting webdriver.chrome.driver as /Users/tahidulhaque/.cache/selenium/chromedriver/mac-arm64/112.0.5615.49/chromedriver
2023-05-02 15:50:30,980 [main] INFO QA Lead:: - >>>>>User able to select men module<<<<<
2023-05-02 15:50:31,126 [main] INFO QA Lead:: - >>>>>User able to select tops from men module<<<<<
2023-05-02 15:50:31,268 [main] INFO QA Lead:: - >>>>>User able to select jackets from the tops module<<<<<
2023-05-02 15:50:31,911 [main] INFO QA Lead:: - >>>>>User able to select any jacket<<<<<
2023-05-02 15:50:33,629 [main] INFO QA Lead:: - >>>>>User able to select a size<<<<<
2023-05-02 15:50:33,787 [main] INFO QA Lead:: - >>>>>User able to select a color<<<<<
2023-05-02 15:50:33,934 [main] INFO QA Lead:: - >>>>>User able to select quantity<<<<<
2023-05-02 15:50:33,989 [main] INFO QA Lead:: - >>>>>User able to click on to cart button<<<<<
2023-05-02 15:50:34,129 [main] INFO QA Lead:: - >>>>>User able to click on to the shopping cart pop-up<<<<<
2023-05-02 15:50:37,037 [main] INFO QA Lead:: - >>>>>User able to click on proceed to checkout<<<<<
2023-05-02 15:52:52,634 [main] INFO QA Lead:: - >>>>>Automation started with Chrome<<<<<
2023-05-02 15:52:52,703 [main] INFO io.github.bonigarcia.wdm.WebDriverManager - Using chromedriver 112.0.5615.49 (resolved driver for Chrome 112)
2023-05-02 15:52:52,709 [main] INFO io.github.bonigarcia.wdm.WebDriverManager - Exporting webdriver.chrome.driver as /Users/tahidulhaque/.cache/selenium/chromedriver/mac-arm64/112.0.5615.49/chromedriver
2023-05-02 15:52:57,637 [main] INFO QA Lead:: - >>>>>User able to select men module<<<<<
2023-05-02 15:52:57,788 [main] INFO QA Lead:: - >>>>>User able to select tops from men module<<<<<
2023-05-02 15:52:57,926 [main] INFO QA Lead:: - >>>>>User able to select jackets from the tops module<<<<<
2023-05-02 15:52:58,648 [main] INFO QA Lead:: - >>>>>User able to select any jacket<<<<<
2023-05-02 15:53:00,302 [main] INFO QA Lead:: - >>>>>User able to select a size<<<<<
2023-05-02 15:53:00,460 [main] INFO QA Lead:: - >>>>>User able to select a color<<<<<
2023-05-02 15:53:00,604 [main] INFO QA Lead:: - >>>>>User able to select quantity<<<<<
2023-05-02 15:53:00,659 [main] INFO QA Lead:: - >>>>>User able to click on to cart button<<<<<
2023-05-02 15:53:00,799 [main] INFO QA Lead:: - >>>>>User able to click on to the shopping cart pop-up<<<<<
2023-05-02 15:53:04,075 [main] INFO QA Lead:: - >>>>>User able to click on proceed to checkout<<<<<
2023-05-02 15:56:46,219 [main] INFO QA Lead:: - >>>>>Automation started with Chrome<<<<<
2023-05-02 15:56:46,288 [main] INFO io.github.bonigarcia.wdm.WebDriverManager - Using chromedriver 112.0.5615.49 (resolved driver for Chrome 112)
2023-05-02 15:56:46,296 [main] INFO io.github.bonigarcia.wdm.WebDriverManager - Exporting webdriver.chrome.driver as /Users/tahidulhaque/.cache/selenium/chromedriver/mac-arm64/112.0.5615.49/chromedriver
2023-05-02 15:56:50,877 [main] INFO QA Lead:: - >>>>>User able to select men module<<<<<
2023-05-02 15:56:51,033 [main] INFO QA Lead:: - >>>>>User able to select tops from men module<<<<<
2023-05-02 15:56:51,184 [main] INFO QA Lead:: - >>>>>User able to select jackets from the tops module<<<<<
2023-05-02 15:56:51,823 [main] INFO QA Lead:: - >>>>>User able to select any jacket<<<<<
2023-05-02 15:56:53,525 [main] INFO QA Lead:: - >>>>>User able to select a size<<<<<
2023-05-02 15:56:53,692 [main] INFO QA Lead:: - >>>>>User able to select a color<<<<<
2023-05-02 15:56:53,843 [main] INFO QA Lead:: - >>>>>User able to select quantity<<<<<
2023-05-02 15:56:53,901 [main] INFO QA Lead:: - >>>>>User able to click on to cart button<<<<<
2023-05-02 15:56:54,042 [main] INFO QA Lead:: - >>>>>User able to click on to the shopping cart pop-up<<<<<
2023-05-02 15:56:56,981 [main] INFO QA Lead:: - >>>>>User able to click on proceed to checkout<<<<<
2023-05-02 15:57:41,792 [main] INFO QA Lead:: - >>>>>Automation started with Chrome<<<<<
2023-05-02 15:57:41,865 [main] INFO io.github.bonigarcia.wdm.WebDriverManager - Using chromedriver 112.0.5615.49 (resolved driver for Chrome 112)
2023-05-02 15:57:41,873 [main] INFO io.github.bonigarcia.wdm.WebDriverManager - Exporting webdriver.chrome.driver as /Users/tahidulhaque/.cache/selenium/chromedriver/mac-arm64/112.0.5615.49/chromedriver
2023-05-02 15:57:46,828 [main] INFO QA Lead:: - >>>>>User able to select men module<<<<<
2023-05-02 15:57:46,973 [main] INFO QA Lead:: - >>>>>User able to select tops from men module<<<<<
2023-05-02 15:57:47,109 [main] INFO QA Lead:: - >>>>>User able to select jackets from the tops module<<<<<
2023-05-02 15:57:47,727 [main] INFO QA Lead:: - >>>>>User able to select any jacket<<<<<
2023-05-02 15:57:49,454 [main] INFO QA Lead:: - >>>>>User able to select a size<<<<<
2023-05-02 15:57:49,603 [main] INFO QA Lead:: - >>>>>User able to select a color<<<<<
2023-05-02 15:57:49,748 [main] INFO QA Lead:: - >>>>>User able to select quantity<<<<<
2023-05-02 15:57:49,803 [main] INFO QA Lead:: - >>>>>User able to click on to cart button<<<<<
2023-05-02 15:57:49,949 [main] INFO QA Lead:: - >>>>>User able to click on to the shopping cart pop-up<<<<<
2023-05-02 15:57:53,506 [main] INFO QA Lead:: - >>>>>User able to click on proceed to checkout<<<<<
2023-05-02 19:10:27,320 [main] INFO QA Lead:: - >>>>>Automation started with Chrome<<<<<
2023-05-02 19:10:27,547 [main] INFO io.github.bonigarcia.wdm.WebDriverManager - Using chromedriver 112.0.5615.49 (resolved driver for Chrome 112)
2023-05-02 19:10:27,555 [main] INFO io.github.bonigarcia.wdm.WebDriverManager - Exporting webdriver.chrome.driver as /Users/tahidulhaque/.cache/selenium/chromedriver/mac-arm64/112.0.5615.49/chromedriver
2023-05-02 19:10:31,358 [main] INFO QA Lead:: - >>>>>User able to select men module<<<<<
2023-05-02 19:15:25,550 [main] INFO QA Lead:: - >>>>>Automation started with Chrome<<<<<
2023-05-02 19:15:25,621 [main] INFO io.github.bonigarcia.wdm.WebDriverManager - Using chromedriver 112.0.5615.49 (resolved driver for Chrome 112)
2023-05-02 19:15:25,627 [main] INFO io.github.bonigarcia.wdm.WebDriverManager - Exporting webdriver.chrome.driver as /Users/tahidulhaque/.cache/selenium/chromedriver/mac-arm64/112.0.5615.49/chromedriver
2023-05-02 19:15:30,217 [main] INFO QA Lead:: - >>>>>User able to select men module<<<<<
2023-05-02 19:15:30,361 [main] INFO QA Lead:: - >>>>>User able to select tops from men module<<<<<
2023-05-02 19:15:30,496 [main] INFO QA Lead:: - >>>>>User able to select jackets from the tops module<<<<<
2023-05-02 19:15:31,134 [main] INFO QA Lead:: - >>>>>User able to select any jacket<<<<<
2023-05-02 19:15:32,728 [main] INFO QA Lead:: - >>>>>User able to select a size<<<<<
2023-05-02 19:15:32,876 [main] INFO QA Lead:: - >>>>>User able to select a color<<<<<
2023-05-02 19:15:33,024 [main] INFO QA Lead:: - >>>>>User able to select quantity<<<<<
2023-05-02 19:15:33,081 [main] INFO QA Lead:: - >>>>>User able to click on to cart button<<<<<
2023-05-02 19:15:33,228 [main] INFO QA Lead:: - >>>>>User able to click on to the shopping cart pop-up<<<<<
2023-05-02 19:15:36,234 [main] INFO QA Lead:: - >>>>>User able to click on proceed to checkout<<<<<
2023-05-04 21:19:38,257 [main] INFO QA Lead:: - >>>>>Automation started with Chrome<<<<<
2023-05-04 21:19:38,331 [main] INFO io.github.bonigarcia.wdm.WebDriverManager - Using chromedriver 113.0.5672.63 (resolved driver for Chrome 113)
2023-05-04 21:19:38,338 [main] INFO io.github.bonigarcia.wdm.WebDriverManager - Exporting webdriver.chrome.driver as /Users/tahidulhaque/.cache/selenium/chromedriver/mac-arm64/113.0.5672.63/chromedriver
2023-05-04 21:19:44,325 [main] INFO QA Lead:: - >>>>>User able to select men module<<<<<
2023-05-04 21:19:44,476 [main] INFO QA Lead:: - >>>>>User able to select tops from men module<<<<<
2023-05-04 21:19:44,616 [main] INFO QA Lead:: - >>>>>User able to select jackets from the tops module<<<<<
2023-05-04 21:19:45,388 [main] INFO QA Lead:: - >>>>>User able to select any jacket<<<<<
2023-05-04 21:19:47,302 [main] INFO QA Lead:: - >>>>>User able to select a size<<<<<
2023-05-04 21:19:53,225 [main] INFO QA Lead:: - >>>>>User able to select a color<<<<<
2023-05-04 21:19:58,417 [main] INFO QA Lead:: - >>>>>User able to select quantity<<<<<
2023-05-04 21:19:58,482 [main] INFO QA Lead:: - >>>>>User able to click on to cart button<<<<<
2023-05-04 21:20:03,651 [main] INFO QA Lead:: - >>>>>User able to click on to the shopping cart pop-up<<<<<
2023-05-04 21:20:13,707 [main] INFO QA Lead:: - >>>>>User able to click on proceed to checkout<<<<<
2023-05-16 18:14:46,613 [main] INFO QA Lead:: - >>>>>Automation started with Chrome<<<<<
2023-05-16 18:14:46,929 [main] INFO io.github.bonigarcia.wdm.WebDriverManager - Using chromedriver 113.0.5672.63 (resolved driver for Chrome 113)
2023-05-16 18:14:46,936 [main] INFO io.github.bonigarcia.wdm.WebDriverManager - Exporting webdriver.chrome.driver as /Users/tahidulhaque/.cache/selenium/chromedriver/mac-arm64/113.0.5672.63/chromedriver
2023-05-16 18:14:52,000 [main] INFO QA Lead:: - >>>>>User able to select men module<<<<<
2023-05-16 18:14:52,151 [main] INFO QA Lead:: - >>>>>User able to select tops from men module<<<<<
2023-05-16 18:14:52,292 [main] INFO QA Lead:: - >>>>>User able to select jackets from the tops module<<<<<
2023-05-16 18:14:53,123 [main] INFO QA Lead:: - >>>>>User able to select any jacket<<<<<
2023-05-16 18:14:55,481 [main] INFO QA Lead:: - >>>>>User able to select a size<<<<<
2023-05-16 18:14:55,647 [main] INFO QA Lead:: - >>>>>User able to select a color<<<<<
2023-05-16 18:14:55,795 [main] INFO QA Lead:: - >>>>>User able to select quantity<<<<<
2023-05-16 18:14:55,858 [main] INFO QA Lead:: - >>>>>User able to click on to cart button<<<<<
2023-05-16 18:14:56,011 [main] INFO QA Lead:: - >>>>>User able to click on to the shopping cart pop-up<<<<<
2023-05-16 18:14:59,119 [main] INFO QA Lead:: - >>>>>User able to click on proceed to checkout<<<<<
2023-05-16 18:17:16,441 [main] INFO QA Lead:: - >>>>>Automation started with Chrome<<<<<
2023-05-16 18:17:16,512 [main] INFO io.github.bonigarcia.wdm.WebDriverManager - Using chromedriver 113.0.5672.63 (resolved driver for Chrome 113)
2023-05-16 18:17:16,518 [main] INFO io.github.bonigarcia.wdm.WebDriverManager - Exporting webdriver.chrome.driver as /Users/tahidulhaque/.cache/selenium/chromedriver/mac-arm64/113.0.5672.63/chromedriver
2023-05-16 18:17:21,059 [main] INFO QA Lead:: - >>>>>User able to select men module<<<<<
2023-05-16 18:17:21,254 [main] INFO QA Lead:: - >>>>>User able to select tops from men module<<<<<
2023-05-16 18:17:21,392 [main] INFO QA Lead:: - >>>>>User able to select jackets from the tops module<<<<<
2023-05-16 18:17:22,237 [main] INFO QA Lead:: - >>>>>User able to select any jacket<<<<<
2023-05-16 18:17:24,607 [main] INFO QA Lead:: - >>>>>User able to select a size<<<<<
2023-05-16 18:17:24,774 [main] INFO QA Lead:: - >>>>>User able to select a color<<<<<
2023-05-16 18:17:24,925 [main] INFO QA Lead:: - >>>>>User able to select quantity<<<<<
2023-05-16 18:17:24,987 [main] INFO QA Lead:: - >>>>>User able to click on to cart button<<<<<
2023-05-16 18:17:25,134 [main] INFO QA Lead:: - >>>>>User able to click on to the shopping cart pop-up<<<<<
2023-05-16 18:17:28,329 [main] INFO QA Lead:: - >>>>>User able to click on proceed to checkout<<<<<
2023-05-16 18:18:31,954 [main] INFO QA Lead:: - >>>>>Automation started with Chrome<<<<<
2023-05-16 18:18:32,025 [main] INFO io.github.bonigarcia.wdm.WebDriverManager - Using chromedriver 113.0.5672.63 (resolved driver for Chrome 113)
2023-05-16 18:18:32,032 [main] INFO io.github.bonigarcia.wdm.WebDriverManager - Exporting webdriver.chrome.driver as /Users/tahidulhaque/.cache/selenium/chromedriver/mac-arm64/113.0.5672.63/chromedriver
2023-05-16 18:18:36,635 [main] INFO QA Lead:: - >>>>>User able to select men module<<<<<
2023-05-16 18:18:36,823 [main] INFO QA Lead:: - >>>>>User able to select tops from men module<<<<<
2023-05-16 18:18:36,970 [main] INFO QA Lead:: - >>>>>User able to select jackets from the tops module<<<<<
2023-05-16 18:18:37,738 [main] INFO QA Lead:: - >>>>>User able to select any jacket<<<<<
2023-05-16 18:18:39,334 [main] INFO QA Lead:: - >>>>>User able to select a size<<<<<
2023-05-16 18:18:39,533 [main] INFO QA Lead:: - >>>>>User able to select a color<<<<<
2023-05-16 18:18:39,705 [main] INFO QA Lead:: - >>>>>User able to select quantity<<<<<
2023-05-16 18:18:39,780 [main] INFO QA Lead:: - >>>>>User able to click on to cart button<<<<<
2023-05-16 18:18:39,925 [main] INFO QA Lead:: - >>>>>User able to click on to the shopping cart pop-up<<<<<
2023-05-16 18:18:42,780 [main] INFO QA Lead:: - >>>>>User able to click on proceed to checkout<<<<<
2023-05-16 18:21:23,366 [main] INFO QA Lead:: - >>>>>Automation started with Chrome<<<<<
2023-05-16 18:21:23,437 [main] INFO io.github.bonigarcia.wdm.WebDriverManager - Using chromedriver 113.0.5672.63 (resolved driver for Chrome 113)
2023-05-16 18:21:23,443 [main] INFO io.github.bonigarcia.wdm.WebDriverManager - Exporting webdriver.chrome.driver as /Users/tahidulhaque/.cache/selenium/chromedriver/mac-arm64/113.0.5672.63/chromedriver
2023-05-16 18:21:28,166 [main] INFO QA Lead:: - >>>>>User able to select men module<<<<<
2023-05-16 18:21:28,353 [main] INFO QA Lead:: - >>>>>User able to select tops from men module<<<<<
2023-05-16 18:21:28,492 [main] INFO QA Lead:: - >>>>>User able to select jackets from the tops module<<<<<
2023-05-16 18:21:29,168 [main] INFO QA Lead:: - >>>>>User able to select any jacket<<<<<
2023-05-16 18:21:30,880 [main] INFO QA Lead:: - >>>>>User able to select a size<<<<<
2023-05-16 18:21:31,034 [main] INFO QA Lead:: - >>>>>User able to select a color<<<<<
2023-05-16 18:21:31,190 [main] INFO QA Lead:: - >>>>>User able to select quantity<<<<<
2023-05-16 18:21:31,255 [main] INFO QA Lead:: - >>>>>User able to click on to cart button<<<<<
2023-05-16 18:21:31,404 [main] INFO QA Lead:: - >>>>>User able to click on to the shopping cart pop-up<<<<<
2023-05-16 18:21:34,379 [main] INFO QA Lead:: - >>>>>User able to click on proceed to checkout<<<<<
2023-05-16 19:05:37,566 [main] INFO QA Lead:: - >>>>>Automation started with Chrome<<<<<
2023-05-16 19:05:37,637 [main] INFO io.github.bonigarcia.wdm.WebDriverManager - Using chromedriver 113.0.5672.63 (resolved driver for Chrome 113)
2023-05-16 19:05:37,644 [main] INFO io.github.bonigarcia.wdm.WebDriverManager - Exporting webdriver.chrome.driver as /Users/tahidulhaque/.cache/selenium/chromedriver/mac-arm64/113.0.5672.63/chromedriver
2023-05-16 19:05:42,132 [main] INFO QA Lead:: - >>>>>User able to select men module<<<<<
2023-05-16 19:05:42,324 [main] INFO QA Lead:: - >>>>>User able to select tops from men module<<<<<
2023-05-16 19:05:42,462 [main] INFO QA Lead:: - >>>>>User able to select jackets from the tops module<<<<<
2023-05-16 19:05:43,160 [main] INFO QA Lead:: - >>>>>User able to select any jacket<<<<<
2023-05-16 19:05:44,810 [main] INFO QA Lead:: - >>>>>User able to select a size<<<<<
2023-05-16 19:05:44,952 [main] INFO QA Lead:: - >>>>>User able to select a color<<<<<
2023-05-16 19:05:45,108 [main] INFO QA Lead:: - >>>>>User able to select quantity<<<<<
2023-05-16 19:05:45,169 [main] INFO QA Lead:: - >>>>>User able to click on to cart button<<<<<
2023-05-16 19:05:45,315 [main] INFO QA Lead:: - >>>>>User able to click on to the shopping cart pop-up<<<<<
2023-05-16 19:05:49,527 [main] INFO QA Lead:: - >>>>>User able to click on proceed to checkout<<<<<
2023-05-16 19:07:42,630 [main] INFO QA Lead:: - >>>>>Automation started with Chrome<<<<<
2023-05-16 19:07:42,706 [main] INFO io.github.bonigarcia.wdm.WebDriverManager - Using chromedriver 113.0.5672.63 (resolved driver for Chrome 113)
2023-05-16 19:07:42,713 [main] INFO io.github.bonigarcia.wdm.WebDriverManager - Exporting webdriver.chrome.driver as /Users/tahidulhaque/.cache/selenium/chromedriver/mac-arm64/113.0.5672.63/chromedriver
2023-05-16 19:07:47,368 [main] INFO QA Lead:: - >>>>>User able to select men module<<<<<
2023-05-16 19:07:47,573 [main] INFO QA Lead:: - >>>>>User able to select tops from men module<<<<<
2023-05-16 19:07:47,712 [main] INFO QA Lead:: - >>>>>User able to select jackets from the tops module<<<<<
2023-05-16 19:07:48,581 [main] INFO QA Lead:: - >>>>>User able to select any jacket<<<<<
2023-05-16 19:07:50,378 [main] INFO QA Lead:: - >>>>>User able to select a size<<<<<
2023-05-16 19:07:50,525 [main] INFO QA Lead:: - >>>>>User able to select a color<<<<<
2023-05-16 19:07:50,670 [main] INFO QA Lead:: - >>>>>User able to select quantity<<<<<
2023-05-16 19:07:50,734 [main] INFO QA Lead:: - >>>>>User able to click on to cart button<<<<<
2023-05-16 19:07:50,886 [main] INFO QA Lead:: - >>>>>User able to click on to the shopping cart pop-up<<<<<
2023-05-16 19:07:53,889 [main] INFO QA Lead:: - >>>>>User able to click on proceed to checkout<<<<<
